<?xml version="1.0" encoding="UTF-8"?>
<coverage generated="1713499105852" clover="3.2.0">
  <project timestamp="1713499105852" name="All files">
    <metrics statements="29" coveredstatements="29" conditionals="13" coveredconditionals="13" methods="2" coveredmethods="2" elements="44" coveredelements="44" complexity="0" loc="29" ncloc="29" packages="1" files="1" classes="1"/>
    <file name="parse.js" path="C:\Users\iZyoo_Platform_SB\Documents\javascript-advanced-tutorial\calculator\parse.js">
      <metrics statements="29" coveredstatements="29" conditionals="13" coveredconditionals="13" methods="2" coveredmethods="2"/>
      <line num="3" count="27" type="stmt"/>
      <line num="6" count="27" type="stmt"/>
      <line num="9" count="27" type="stmt"/>
      <line num="11" count="27" type="stmt"/>
      <line num="13" count="27" type="cond" truecount="2" falsecount="0"/>
      <line num="14" count="3" type="stmt"/>
      <line num="15" count="3" type="stmt"/>
      <line num="16" count="3" type="stmt"/>
      <line num="17" count="24" type="cond" truecount="2" falsecount="0"/>
      <line num="18" count="6" type="stmt"/>
      <line num="19" count="6" type="stmt"/>
      <line num="20" count="6" type="stmt"/>
      <line num="21" count="18" type="cond" truecount="2" falsecount="0"/>
      <line num="22" count="6" type="stmt"/>
      <line num="23" count="6" type="stmt"/>
      <line num="24" count="6" type="stmt"/>
      <line num="25" count="12" type="cond" truecount="2" falsecount="0"/>
      <line num="26" count="1" type="stmt"/>
      <line num="27" count="1" type="stmt"/>
      <line num="28" count="1" type="stmt"/>
      <line num="30" count="11" type="stmt"/>
      <line num="34" count="13" type="stmt"/>
      <line num="35" count="13" type="stmt"/>
      <line num="36" count="13" type="cond" truecount="5" falsecount="0"/>
      <line num="38" count="1" type="stmt"/>
      <line num="40" count="5" type="stmt"/>
      <line num="42" count="5" type="stmt"/>
      <line num="44" count="1" type="stmt"/>
      <line num="46" count="1" type="stmt"/>
    </file>
  </project>
</coverage>
