{"C:\\Users\\iZyoo_Platform_SB\\Documents\\javascript-advanced-tutorial\\calculator\\parse.js": {"path":"C:\\Users\\iZyoo_Platform_SB\\Documents\\javascript-advanced-tutorial\\calculator\\parse.js","statementMap":{"0":{"start":{"line":3,"column":4},"end":{"line":3,"column":69}},"1":{"start":{"line":6,"column":4},"end":{"line":6,"column":69}},"2":{"start":{"line":9,"column":4},"end":{"line":9,"column":67}},"3":{"start":{"line":11,"column":25},"end":{"line":11,"column":52}},"4":{"start":{"line":13,"column":2},"end":{"line":31,"column":3}},"5":{"start":{"line":14,"column":19},"end":{"line":14,"column":80}},"6":{"start":{"line":15,"column":24},"end":{"line":15,"column":64}},"7":{"start":{"line":16,"column":4},"end":{"line":16,"column":37}},"8":{"start":{"line":17,"column":9},"end":{"line":31,"column":3}},"9":{"start":{"line":18,"column":19},"end":{"line":18,"column":69}},"10":{"start":{"line":19,"column":24},"end":{"line":19,"column":66}},"11":{"start":{"line":20,"column":4},"end":{"line":20,"column":37}},"12":{"start":{"line":21,"column":9},"end":{"line":31,"column":3}},"13":{"start":{"line":22,"column":19},"end":{"line":22,"column":62}},"14":{"start":{"line":23,"column":24},"end":{"line":23,"column":59}},"15":{"start":{"line":24,"column":4},"end":{"line":24,"column":37}},"16":{"start":{"line":25,"column":9},"end":{"line":31,"column":3}},"17":{"start":{"line":26,"column":19},"end":{"line":26,"column":67}},"18":{"start":{"line":27,"column":24},"end":{"line":27,"column":64}},"19":{"start":{"line":28,"column":4},"end":{"line":28,"column":37}},"20":{"start":{"line":30,"column":4},"end":{"line":30,"column":31}},"21":{"start":{"line":34,"column":2},"end":{"line":34,"column":33}},"22":{"start":{"line":35,"column":2},"end":{"line":35,"column":33}},"23":{"start":{"line":36,"column":2},"end":{"line":47,"column":3}},"24":{"start":{"line":38,"column":6},"end":{"line":38,"column":32}},"25":{"start":{"line":40,"column":6},"end":{"line":40,"column":32}},"26":{"start":{"line":42,"column":6},"end":{"line":42,"column":32}},"27":{"start":{"line":44,"column":6},"end":{"line":44,"column":32}},"28":{"start":{"line":46,"column":6},"end":{"line":46,"column":33}}},"fnMap":{"0":{"name":"parseEquation","decl":{"start":{"line":1,"column":16},"end":{"line":1,"column":29}},"loc":{"start":{"line":1,"column":40},"end":{"line":32,"column":1}},"line":1},"1":{"name":"calculate","decl":{"start":{"line":33,"column":9},"end":{"line":33,"column":18}},"loc":{"start":{"line":33,"column":53},"end":{"line":48,"column":1}},"line":33}},"branchMap":{"0":{"loc":{"start":{"line":13,"column":2},"end":{"line":31,"column":3}},"type":"if","locations":[{"start":{"line":13,"column":2},"end":{"line":31,"column":3}},{"start":{"line":17,"column":9},"end":{"line":31,"column":3}}],"line":13},"1":{"loc":{"start":{"line":17,"column":9},"end":{"line":31,"column":3}},"type":"if","locations":[{"start":{"line":17,"column":9},"end":{"line":31,"column":3}},{"start":{"line":21,"column":9},"end":{"line":31,"column":3}}],"line":17},"2":{"loc":{"start":{"line":21,"column":9},"end":{"line":31,"column":3}},"type":"if","locations":[{"start":{"line":21,"column":9},"end":{"line":31,"column":3}},{"start":{"line":25,"column":9},"end":{"line":31,"column":3}}],"line":21},"3":{"loc":{"start":{"line":25,"column":9},"end":{"line":31,"column":3}},"type":"if","locations":[{"start":{"line":25,"column":9},"end":{"line":31,"column":3}},{"start":{"line":29,"column":9},"end":{"line":31,"column":3}}],"line":25},"4":{"loc":{"start":{"line":36,"column":2},"end":{"line":47,"column":3}},"type":"switch","locations":[{"start":{"line":37,"column":4},"end":{"line":38,"column":32}},{"start":{"line":39,"column":4},"end":{"line":40,"column":32}},{"start":{"line":41,"column":4},"end":{"line":42,"column":32}},{"start":{"line":43,"column":4},"end":{"line":44,"column":32}},{"start":{"line":45,"column":4},"end":{"line":46,"column":33}}],"line":36}},"s":{"0":27,"1":27,"2":27,"3":27,"4":27,"5":3,"6":3,"7":3,"8":24,"9":6,"10":6,"11":6,"12":18,"13":6,"14":6,"15":6,"16":12,"17":1,"18":1,"19":1,"20":11,"21":13,"22":13,"23":13,"24":1,"25":5,"26":5,"27":1,"28":1},"f":{"0":27,"1":13},"b":{"0":[3,24],"1":[6,18],"2":[6,12],"3":[1,11],"4":[1,5,5,1,1]},"_coverageSchema":"1a1c01bbd47fc00a2c39e90264f33305004495a9","hash":"1632329d6cc70b3edbe2f1495290bed438813908"}
}
