TN:
SF:parse.js
FN:1,parseEquation
FN:33,calculate
FNF:2
FNH:2
FNDA:27,parseEquation
FNDA:13,calculate
DA:3,27
DA:6,27
DA:9,27
DA:11,27
DA:13,27
DA:14,3
DA:15,3
DA:16,3
DA:17,24
DA:18,6
DA:19,6
DA:20,6
DA:21,18
DA:22,6
DA:23,6
DA:24,6
DA:25,12
DA:26,1
DA:27,1
DA:28,1
DA:30,11
DA:34,13
DA:35,13
DA:36,13
DA:38,1
DA:40,5
DA:42,5
DA:44,1
DA:46,1
LF:29
LH:29
BRDA:13,0,0,3
BRDA:13,0,1,24
BRDA:17,1,0,6
BRDA:17,1,1,18
BRDA:21,2,0,6
BRDA:21,2,1,12
BRDA:25,3,0,1
BRDA:25,3,1,11
BRDA:36,4,0,1
BRDA:36,4,1,5
BRDA:36,4,2,5
BRDA:36,4,3,1
BRDA:36,4,4,1
BRF:13
BRH:13
end_of_record
