{"C:\\Users\\iZyoo_Platform_SB\\Documents\\javascript-advanced-tutorial\\database\\Table.js": {"path":"C:\\Users\\iZyoo_Platform_SB\\Documents\\javascript-advanced-tutorial\\database\\Table.js","statementMap":{"0":{"start":{"line":1,"column":11},"end":{"line":1,"column":24}},"1":{"start":{"line":2,"column":35},"end":{"line":2,"column":79}},"2":{"start":{"line":3,"column":24},"end":{"line":3,"column":39}},"3":{"start":{"line":7,"column":8},"end":{"line":7,"column":34}},"4":{"start":{"line":11,"column":8},"end":{"line":11,"column":46}},"5":{"start":{"line":15,"column":21},"end":{"line":15,"column":29}},"6":{"start":{"line":16,"column":32},"end":{"line":16,"column":55}},"7":{"start":{"line":17,"column":8},"end":{"line":29,"column":10}},"8":{"start":{"line":18,"column":12},"end":{"line":28,"column":14}},"9":{"start":{"line":20,"column":16},"end":{"line":24,"column":17}},"10":{"start":{"line":21,"column":20},"end":{"line":21,"column":29}},"11":{"start":{"line":23,"column":20},"end":{"line":23,"column":29}},"12":{"start":{"line":26,"column":31},"end":{"line":26,"column":84}},"13":{"start":{"line":27,"column":16},"end":{"line":27,"column":31}},"14":{"start":{"line":33,"column":8},"end":{"line":38,"column":10}},"15":{"start":{"line":34,"column":12},"end":{"line":37,"column":14}},"16":{"start":{"line":35,"column":16},"end":{"line":35,"column":84}},"17":{"start":{"line":35,"column":27},"end":{"line":35,"column":84}},"18":{"start":{"line":36,"column":16},"end":{"line":36,"column":41}},"19":{"start":{"line":42,"column":8},"end":{"line":47,"column":10}},"20":{"start":{"line":43,"column":12},"end":{"line":46,"column":14}},"21":{"start":{"line":44,"column":16},"end":{"line":44,"column":40}},"22":{"start":{"line":44,"column":27},"end":{"line":44,"column":40}},"23":{"start":{"line":45,"column":16},"end":{"line":45,"column":29}},"24":{"start":{"line":51,"column":0},"end":{"line":53,"column":1}}},"fnMap":{"0":{"name":"(anonymous_0)","decl":{"start":{"line":6,"column":4},"end":{"line":6,"column":5}},"loc":{"start":{"line":6,"column":27},"end":{"line":8,"column":5}},"line":6},"1":{"name":"(anonymous_1)","decl":{"start":{"line":10,"column":4},"end":{"line":10,"column":5}},"loc":{"start":{"line":10,"column":19},"end":{"line":12,"column":5}},"line":10},"2":{"name":"(anonymous_2)","decl":{"start":{"line":14,"column":4},"end":{"line":14,"column":5}},"loc":{"start":{"line":14,"column":31},"end":{"line":30,"column":5}},"line":14},"3":{"name":"(anonymous_3)","decl":{"start":{"line":17,"column":27},"end":{"line":17,"column":28}},"loc":{"start":{"line":17,"column":54},"end":{"line":29,"column":9}},"line":17},"4":{"name":"(anonymous_4)","decl":{"start":{"line":19,"column":19},"end":{"line":19,"column":20}},"loc":{"start":{"line":19,"column":26},"end":{"line":25,"column":13}},"line":19},"5":{"name":"(anonymous_5)","decl":{"start":{"line":25,"column":20},"end":{"line":25,"column":21}},"loc":{"start":{"line":25,"column":40},"end":{"line":28,"column":13}},"line":25},"6":{"name":"(anonymous_6)","decl":{"start":{"line":32,"column":4},"end":{"line":32,"column":5}},"loc":{"start":{"line":32,"column":21},"end":{"line":39,"column":5}},"line":32},"7":{"name":"(anonymous_7)","decl":{"start":{"line":33,"column":27},"end":{"line":33,"column":28}},"loc":{"start":{"line":33,"column":48},"end":{"line":38,"column":9}},"line":33},"8":{"name":"(anonymous_8)","decl":{"start":{"line":34,"column":39},"end":{"line":34,"column":40}},"loc":{"start":{"line":34,"column":56},"end":{"line":37,"column":13}},"line":34},"9":{"name":"(anonymous_9)","decl":{"start":{"line":41,"column":4},"end":{"line":41,"column":5}},"loc":{"start":{"line":41,"column":26},"end":{"line":48,"column":5}},"line":41},"10":{"name":"(anonymous_10)","decl":{"start":{"line":42,"column":27},"end":{"line":42,"column":28}},"loc":{"start":{"line":42,"column":48},"end":{"line":47,"column":9}},"line":42},"11":{"name":"(anonymous_11)","decl":{"start":{"line":43,"column":63},"end":{"line":43,"column":64}},"loc":{"start":{"line":43,"column":74},"end":{"line":46,"column":13}},"line":43}},"branchMap":{"0":{"loc":{"start":{"line":20,"column":16},"end":{"line":24,"column":17}},"type":"if","locations":[{"start":{"line":20,"column":16},"end":{"line":24,"column":17}},{"start":{"line":22,"column":23},"end":{"line":24,"column":17}}],"line":20},"1":{"loc":{"start":{"line":35,"column":16},"end":{"line":35,"column":84}},"type":"if","locations":[{"start":{"line":35,"column":16},"end":{"line":35,"column":84}},{"start":{},"end":{}}],"line":35},"2":{"loc":{"start":{"line":44,"column":16},"end":{"line":44,"column":40}},"type":"if","locations":[{"start":{"line":44,"column":16},"end":{"line":44,"column":40}},{"start":{},"end":{}}],"line":44}},"s":{"0":8,"1":8,"2":8,"3":18,"4":10,"5":2,"6":2,"7":2,"8":2,"9":2,"10":2,"11":0,"12":2,"13":2,"14":4,"15":4,"16":4,"17":3,"18":1,"19":6,"20":6,"21":6,"22":0,"23":6,"24":8},"f":{"0":18,"1":10,"2":2,"3":2,"4":2,"5":2,"6":4,"7":4,"8":4,"9":6,"10":6,"11":6},"b":{"0":[2,0],"1":[3,1],"2":[0,6]},"_coverageSchema":"1a1c01bbd47fc00a2c39e90264f33305004495a9","hash":"c534783ff3ba5ecd4392c3733550724162ea6073"}
,"C:\\Users\\iZyoo_Platform_SB\\Documents\\javascript-advanced-tutorial\\database\\parseCommand.js": {"path":"C:\\Users\\iZyoo_Platform_SB\\Documents\\javascript-advanced-tutorial\\database\\parseCommand.js","statementMap":{"0":{"start":{"line":1,"column":21},"end":{"line":1,"column":49}},"1":{"start":{"line":2,"column":21},"end":{"line":2,"column":49}},"2":{"start":{"line":3,"column":20},"end":{"line":3,"column":47}},"3":{"start":{"line":4,"column":21},"end":{"line":4,"column":49}},"4":{"start":{"line":5,"column":21},"end":{"line":5,"column":49}},"5":{"start":{"line":6,"column":30},"end":{"line":6,"column":71}},"6":{"start":{"line":7,"column":26},"end":{"line":7,"column":65}},"7":{"start":{"line":9,"column":19},"end":{"line":9,"column":75}},"8":{"start":{"line":16,"column":20},"end":{"line":16,"column":104}},"9":{"start":{"line":16,"column":45},"end":{"line":16,"column":64}},"10":{"start":{"line":16,"column":82},"end":{"line":16,"column":103}},"11":{"start":{"line":17,"column":4},"end":{"line":17,"column":61}},"12":{"start":{"line":17,"column":25},"end":{"line":17,"column":61}},"13":{"start":{"line":19,"column":23},"end":{"line":19,"column":47}},"14":{"start":{"line":21,"column":4},"end":{"line":21,"column":101}},"15":{"start":{"line":21,"column":67},"end":{"line":21,"column":101}},"16":{"start":{"line":23,"column":4},"end":{"line":23,"column":47}},"17":{"start":{"line":26,"column":0},"end":{"line":28,"column":1}}},"fnMap":{"0":{"name":"parseCommand","decl":{"start":{"line":11,"column":15},"end":{"line":11,"column":27}},"loc":{"start":{"line":11,"column":35},"end":{"line":24,"column":1}},"line":11},"1":{"name":"(anonymous_1)","decl":{"start":{"line":16,"column":35},"end":{"line":16,"column":36}},"loc":{"start":{"line":16,"column":45},"end":{"line":16,"column":64}},"line":16},"2":{"name":"(anonymous_2)","decl":{"start":{"line":16,"column":71},"end":{"line":16,"column":72}},"loc":{"start":{"line":16,"column":82},"end":{"line":16,"column":103}},"line":16}},"branchMap":{"0":{"loc":{"start":{"line":17,"column":4},"end":{"line":17,"column":61}},"type":"if","locations":[{"start":{"line":17,"column":4},"end":{"line":17,"column":61}},{"start":{},"end":{}}],"line":17},"1":{"loc":{"start":{"line":21,"column":4},"end":{"line":21,"column":101}},"type":"if","locations":[{"start":{"line":21,"column":4},"end":{"line":21,"column":101}},{"start":{},"end":{}}],"line":21},"2":{"loc":{"start":{"line":21,"column":8},"end":{"line":21,"column":65}},"type":"binary-expr","locations":[{"start":{"line":21,"column":8},"end":{"line":21,"column":20}},{"start":{"line":21,"column":24},"end":{"line":21,"column":65}}],"line":21}},"s":{"0":1,"1":1,"2":1,"3":1,"4":1,"5":1,"6":1,"7":1,"8":6,"9":24,"10":21,"11":6,"12":5,"13":1,"14":1,"15":0,"16":1,"17":1},"f":{"0":6,"1":24,"2":21},"b":{"0":[5,1],"1":[0,1],"2":[1,0]},"_coverageSchema":"1a1c01bbd47fc00a2c39e90264f33305004495a9","hash":"04ee9978fcf0deca27388a6178838c3cab5c3c59"}
,"C:\\Users\\iZyoo_Platform_SB\\Documents\\javascript-advanced-tutorial\\database\\command\\DeleteCommand.js": {"path":"C:\\Users\\iZyoo_Platform_SB\\Documents\\javascript-advanced-tutorial\\database\\command\\DeleteCommand.js","statementMap":{"0":{"start":{"line":1,"column":14},"end":{"line":1,"column":36}},"1":{"start":{"line":5,"column":8},"end":{"line":5,"column":47}},"2":{"start":{"line":9,"column":29},"end":{"line":9,"column":56}},"3":{"start":{"line":10,"column":27},"end":{"line":10,"column":39}},"4":{"start":{"line":11,"column":8},"end":{"line":11,"column":75}},"5":{"start":{"line":11,"column":26},"end":{"line":11,"column":75}},"6":{"start":{"line":12,"column":31},"end":{"line":12,"column":33}},"7":{"start":{"line":13,"column":24},"end":{"line":15,"column":10}},"8":{"start":{"line":14,"column":12},"end":{"line":14,"column":49}},"9":{"start":{"line":17,"column":8},"end":{"line":17,"column":43}},"10":{"start":{"line":18,"column":8},"end":{"line":18,"column":22}},"11":{"start":{"line":22,"column":0},"end":{"line":24,"column":1}}},"fnMap":{"0":{"name":"(anonymous_0)","decl":{"start":{"line":4,"column":4},"end":{"line":4,"column":5}},"loc":{"start":{"line":4,"column":27},"end":{"line":6,"column":5}},"line":4},"1":{"name":"(anonymous_1)","decl":{"start":{"line":8,"column":4},"end":{"line":8,"column":5}},"loc":{"start":{"line":8,"column":32},"end":{"line":19,"column":5}},"line":8},"2":{"name":"(anonymous_2)","decl":{"start":{"line":13,"column":44},"end":{"line":13,"column":45}},"loc":{"start":{"line":13,"column":54},"end":{"line":15,"column":9}},"line":13}},"branchMap":{"0":{"loc":{"start":{"line":11,"column":8},"end":{"line":11,"column":75}},"type":"if","locations":[{"start":{"line":11,"column":8},"end":{"line":11,"column":75}},{"start":{},"end":{}}],"line":11}},"s":{"0":3,"1":2,"2":2,"3":2,"4":2,"5":1,"6":2,"7":2,"8":6,"9":2,"10":2,"11":3},"f":{"0":2,"1":2,"2":6},"b":{"0":[1,1]},"_coverageSchema":"1a1c01bbd47fc00a2c39e90264f33305004495a9","hash":"8715e3dde17ffdba7922e8dbe6c1b15652bf0a94"}
,"C:\\Users\\iZyoo_Platform_SB\\Documents\\javascript-advanced-tutorial\\database\\command\\InsertCommand.js": {"path":"C:\\Users\\iZyoo_Platform_SB\\Documents\\javascript-advanced-tutorial\\database\\command\\InsertCommand.js","statementMap":{"0":{"start":{"line":1,"column":14},"end":{"line":1,"column":36}},"1":{"start":{"line":5,"column":8},"end":{"line":5,"column":28}},"2":{"start":{"line":6,"column":8},"end":{"line":6,"column":47}},"3":{"start":{"line":10,"column":8},"end":{"line":10,"column":57}},"4":{"start":{"line":14,"column":0},"end":{"line":16,"column":1}}},"fnMap":{"0":{"name":"(anonymous_0)","decl":{"start":{"line":4,"column":4},"end":{"line":4,"column":5}},"loc":{"start":{"line":4,"column":37},"end":{"line":7,"column":5}},"line":4},"1":{"name":"(anonymous_1)","decl":{"start":{"line":9,"column":4},"end":{"line":9,"column":5}},"loc":{"start":{"line":9,"column":20},"end":{"line":11,"column":5}},"line":9}},"branchMap":{},"s":{"0":3,"1":4,"2":4,"3":2,"4":3},"f":{"0":4,"1":2},"b":{},"_coverageSchema":"1a1c01bbd47fc00a2c39e90264f33305004495a9","hash":"b8ef86154f854c44f44acd39975d2cb7373dc4ce"}
,"C:\\Users\\iZyoo_Platform_SB\\Documents\\javascript-advanced-tutorial\\database\\command\\SelectCommand.js": {"path":"C:\\Users\\iZyoo_Platform_SB\\Documents\\javascript-advanced-tutorial\\database\\command\\SelectCommand.js","statementMap":{"0":{"start":{"line":1,"column":16},"end":{"line":1,"column":38}},"1":{"start":{"line":2,"column":13},"end":{"line":2,"column":35}},"2":{"start":{"line":6,"column":8},"end":{"line":6,"column":28}},"3":{"start":{"line":7,"column":8},"end":{"line":7,"column":34}},"4":{"start":{"line":8,"column":8},"end":{"line":8,"column":41}},"5":{"start":{"line":12,"column":19},"end":{"line":12,"column":46}},"6":{"start":{"line":13,"column":8},"end":{"line":13,"column":65}},"7":{"start":{"line":13,"column":26},"end":{"line":13,"column":65}},"8":{"start":{"line":15,"column":8},"end":{"line":15,"column":39}},"9":{"start":{"line":15,"column":28},"end":{"line":15,"column":39}},"10":{"start":{"line":17,"column":8},"end":{"line":19,"column":10}},"11":{"start":{"line":18,"column":12},"end":{"line":18,"column":44}},"12":{"start":{"line":25,"column":0},"end":{"line":27,"column":1}}},"fnMap":{"0":{"name":"(anonymous_0)","decl":{"start":{"line":5,"column":4},"end":{"line":5,"column":5}},"loc":{"start":{"line":5,"column":48},"end":{"line":9,"column":5}},"line":5},"1":{"name":"(anonymous_1)","decl":{"start":{"line":11,"column":4},"end":{"line":11,"column":5}},"loc":{"start":{"line":11,"column":32},"end":{"line":22,"column":5}},"line":11},"2":{"name":"(anonymous_2)","decl":{"start":{"line":17,"column":24},"end":{"line":17,"column":25}},"loc":{"start":{"line":17,"column":34},"end":{"line":19,"column":9}},"line":17}},"branchMap":{"0":{"loc":{"start":{"line":13,"column":8},"end":{"line":13,"column":65}},"type":"if","locations":[{"start":{"line":13,"column":8},"end":{"line":13,"column":65}},{"start":{},"end":{}}],"line":13},"1":{"loc":{"start":{"line":15,"column":8},"end":{"line":15,"column":39}},"type":"if","locations":[{"start":{"line":15,"column":8},"end":{"line":15,"column":39}},{"start":{},"end":{}}],"line":15}},"s":{"0":4,"1":4,"2":5,"3":5,"4":5,"5":3,"6":3,"7":1,"8":3,"9":1,"10":2,"11":4,"12":4},"f":{"0":5,"1":3,"2":4},"b":{"0":[1,2],"1":[1,2]},"_coverageSchema":"1a1c01bbd47fc00a2c39e90264f33305004495a9","hash":"404e31e362eb17feb421850978f95b3385484f6a"}
,"C:\\Users\\iZyoo_Platform_SB\\Documents\\javascript-advanced-tutorial\\database\\command\\UpdateCommand.js": {"path":"C:\\Users\\iZyoo_Platform_SB\\Documents\\javascript-advanced-tutorial\\database\\command\\UpdateCommand.js","statementMap":{"0":{"start":{"line":1,"column":16},"end":{"line":1,"column":38}},"1":{"start":{"line":3,"column":0},"end":{"line":25,"column":1}},"2":{"start":{"line":5,"column":8},"end":{"line":5,"column":30}},"3":{"start":{"line":6,"column":8},"end":{"line":6,"column":41}},"4":{"start":{"line":10,"column":29},"end":{"line":10,"column":56}},"5":{"start":{"line":11,"column":27},"end":{"line":11,"column":39}},"6":{"start":{"line":12,"column":8},"end":{"line":12,"column":75}},"7":{"start":{"line":12,"column":26},"end":{"line":12,"column":75}},"8":{"start":{"line":13,"column":31},"end":{"line":13,"column":33}},"9":{"start":{"line":14,"column":8},"end":{"line":20,"column":10}},"10":{"start":{"line":15,"column":12},"end":{"line":19,"column":13}},"11":{"start":{"line":16,"column":34},"end":{"line":16,"column":64}},"12":{"start":{"line":17,"column":16},"end":{"line":17,"column":46}},"13":{"start":{"line":18,"column":16},"end":{"line":18,"column":32}},"14":{"start":{"line":22,"column":8},"end":{"line":22,"column":50}},"15":{"start":{"line":23,"column":8},"end":{"line":23,"column":29}}},"fnMap":{"0":{"name":"(anonymous_0)","decl":{"start":{"line":4,"column":4},"end":{"line":4,"column":5}},"loc":{"start":{"line":4,"column":38},"end":{"line":7,"column":5}},"line":4},"1":{"name":"(anonymous_1)","decl":{"start":{"line":9,"column":4},"end":{"line":9,"column":5}},"loc":{"start":{"line":9,"column":32},"end":{"line":24,"column":5}},"line":9},"2":{"name":"(anonymous_2)","decl":{"start":{"line":14,"column":25},"end":{"line":14,"column":26}},"loc":{"start":{"line":14,"column":35},"end":{"line":20,"column":9}},"line":14}},"branchMap":{"0":{"loc":{"start":{"line":12,"column":8},"end":{"line":12,"column":75}},"type":"if","locations":[{"start":{"line":12,"column":8},"end":{"line":12,"column":75}},{"start":{},"end":{}}],"line":12},"1":{"loc":{"start":{"line":15,"column":12},"end":{"line":19,"column":13}},"type":"if","locations":[{"start":{"line":15,"column":12},"end":{"line":19,"column":13}},{"start":{},"end":{}}],"line":15}},"s":{"0":3,"1":3,"2":3,"3":3,"4":2,"5":2,"6":2,"7":1,"8":2,"9":2,"10":6,"11":4,"12":4,"13":4,"14":2,"15":2},"f":{"0":3,"1":2,"2":6},"b":{"0":[1,1],"1":[4,2]},"_coverageSchema":"1a1c01bbd47fc00a2c39e90264f33305004495a9","hash":"cdae1dffdcaec7299a539abaddba0c9e85c3b3cf"}
,"C:\\Users\\iZyoo_Platform_SB\\Documents\\javascript-advanced-tutorial\\database\\command\\whereCommand.js": {"path":"C:\\Users\\iZyoo_Platform_SB\\Documents\\javascript-advanced-tutorial\\database\\command\\whereCommand.js","statementMap":{"0":{"start":{"line":1,"column":18},"end":{"line":1,"column":35}},"1":{"start":{"line":5,"column":8},"end":{"line":5,"column":36}},"2":{"start":{"line":9,"column":8},"end":{"line":9,"column":55}},"3":{"start":{"line":9,"column":43},"end":{"line":9,"column":55}},"4":{"start":{"line":10,"column":8},"end":{"line":12,"column":10}},"5":{"start":{"line":11,"column":12},"end":{"line":11,"column":51}},"6":{"start":{"line":16,"column":0},"end":{"line":18,"column":1}}},"fnMap":{"0":{"name":"(anonymous_0)","decl":{"start":{"line":4,"column":4},"end":{"line":4,"column":5}},"loc":{"start":{"line":4,"column":28},"end":{"line":6,"column":5}},"line":4},"1":{"name":"(anonymous_1)","decl":{"start":{"line":8,"column":4},"end":{"line":8,"column":5}},"loc":{"start":{"line":8,"column":20},"end":{"line":13,"column":5}},"line":8},"2":{"name":"(anonymous_2)","decl":{"start":{"line":10,"column":29},"end":{"line":10,"column":30}},"loc":{"start":{"line":10,"column":39},"end":{"line":12,"column":9}},"line":10}},"branchMap":{"0":{"loc":{"start":{"line":9,"column":8},"end":{"line":9,"column":55}},"type":"if","locations":[{"start":{"line":9,"column":8},"end":{"line":9,"column":55}},{"start":{},"end":{}}],"line":9}},"s":{"0":3,"1":3,"2":2,"3":0,"4":2,"5":6,"6":3},"f":{"0":3,"1":2,"2":6},"b":{"0":[0,2]},"_coverageSchema":"1a1c01bbd47fc00a2c39e90264f33305004495a9","hash":"46067874d9f246a0aff78ca7f544077204596abf"}
,"C:\\Users\\iZyoo_Platform_SB\\Documents\\javascript-advanced-tutorial\\database\\error\\InvalidCommandError.js": {"path":"C:\\Users\\iZyoo_Platform_SB\\Documents\\javascript-advanced-tutorial\\database\\error\\InvalidCommandError.js","statementMap":{"0":{"start":{"line":3,"column":8},"end":{"line":3,"column":24}},"1":{"start":{"line":5,"column":8},"end":{"line":5,"column":41}},"2":{"start":{"line":9,"column":0},"end":{"line":9,"column":40}}},"fnMap":{"0":{"name":"(anonymous_0)","decl":{"start":{"line":2,"column":4},"end":{"line":2,"column":5}},"loc":{"start":{"line":2,"column":27},"end":{"line":6,"column":5}},"line":2}},"branchMap":{},"s":{"0":10,"1":10,"2":1},"f":{"0":10},"b":{},"_coverageSchema":"1a1c01bbd47fc00a2c39e90264f33305004495a9","hash":"b456a1fa685c3b373608c256eb3296d0e485eeb5"}
,"C:\\Users\\iZyoo_Platform_SB\\Documents\\javascript-advanced-tutorial\\database\\error\\InvalidWhereError.js": {"path":"C:\\Users\\iZyoo_Platform_SB\\Documents\\javascript-advanced-tutorial\\database\\error\\InvalidWhereError.js","statementMap":{"0":{"start":{"line":1,"column":0},"end":{"line":6,"column":1}},"1":{"start":{"line":3,"column":8},"end":{"line":3,"column":24}},"2":{"start":{"line":4,"column":8},"end":{"line":4,"column":39}}},"fnMap":{"0":{"name":"(anonymous_0)","decl":{"start":{"line":2,"column":4},"end":{"line":2,"column":5}},"loc":{"start":{"line":2,"column":27},"end":{"line":5,"column":5}},"line":2}},"branchMap":{},"s":{"0":2,"1":2,"2":2},"f":{"0":2},"b":{},"_coverageSchema":"1a1c01bbd47fc00a2c39e90264f33305004495a9","hash":"3e9ae2af240e02429d44e32edb0bae140f68860e"}
,"C:\\Users\\iZyoo_Platform_SB\\Documents\\javascript-advanced-tutorial\\database\\error\\TableDoesNotExistError.js": {"path":"C:\\Users\\iZyoo_Platform_SB\\Documents\\javascript-advanced-tutorial\\database\\error\\TableDoesNotExistError.js","statementMap":{"0":{"start":{"line":3,"column":8},"end":{"line":3,"column":24}},"1":{"start":{"line":5,"column":8},"end":{"line":5,"column":44}},"2":{"start":{"line":9,"column":0},"end":{"line":9,"column":43}}},"fnMap":{"0":{"name":"(anonymous_0)","decl":{"start":{"line":2,"column":4},"end":{"line":2,"column":5}},"loc":{"start":{"line":2,"column":27},"end":{"line":6,"column":5}},"line":2}},"branchMap":{},"s":{"0":3,"1":3,"2":8},"f":{"0":3},"b":{},"_coverageSchema":"1a1c01bbd47fc00a2c39e90264f33305004495a9","hash":"3f83fbde3ecdf8659d2dae110a0cc304aa61ed7b"}
,"C:\\Users\\iZyoo_Platform_SB\\Documents\\javascript-advanced-tutorial\\database\\parse\\Delete.js": {"path":"C:\\Users\\iZyoo_Platform_SB\\Documents\\javascript-advanced-tutorial\\database\\parse\\Delete.js","statementMap":{"0":{"start":{"line":1,"column":22},"end":{"line":1,"column":58}},"1":{"start":{"line":2,"column":24},"end":{"line":2,"column":62}},"2":{"start":{"line":4,"column":21},"end":{"line":4,"column":71}},"3":{"start":{"line":7,"column":26},"end":{"line":7,"column":51}},"4":{"start":{"line":9,"column":4},"end":{"line":9,"column":37}},"5":{"start":{"line":9,"column":31},"end":{"line":9,"column":37}},"6":{"start":{"line":11,"column":22},"end":{"line":11,"column":52}},"7":{"start":{"line":13,"column":4},"end":{"line":13,"column":39}},"8":{"start":{"line":18,"column":0},"end":{"line":20,"column":1}}},"fnMap":{"0":{"name":"parse","decl":{"start":{"line":6,"column":9},"end":{"line":6,"column":14}},"loc":{"start":{"line":6,"column":22},"end":{"line":16,"column":1}},"line":6}},"branchMap":{"0":{"loc":{"start":{"line":9,"column":4},"end":{"line":9,"column":37}},"type":"if","locations":[{"start":{"line":9,"column":4},"end":{"line":9,"column":37}},{"start":{},"end":{}}],"line":9}},"s":{"0":2,"1":2,"2":2,"3":10,"4":10,"5":9,"6":1,"7":1,"8":2},"f":{"0":10},"b":{"0":[9,1]},"_coverageSchema":"1a1c01bbd47fc00a2c39e90264f33305004495a9","hash":"fe03a5886da046e3a9e524cb93e7a9e5ac55ec30"}
,"C:\\Users\\iZyoo_Platform_SB\\Documents\\javascript-advanced-tutorial\\database\\parse\\Insert.js": {"path":"C:\\Users\\iZyoo_Platform_SB\\Documents\\javascript-advanced-tutorial\\database\\parse\\Insert.js","statementMap":{"0":{"start":{"line":6,"column":22},"end":{"line":6,"column":60}},"1":{"start":{"line":8,"column":21},"end":{"line":8,"column":86}},"2":{"start":{"line":12,"column":26},"end":{"line":12,"column":51}},"3":{"start":{"line":14,"column":4},"end":{"line":14,"column":30}},"4":{"start":{"line":14,"column":24},"end":{"line":14,"column":30}},"5":{"start":{"line":15,"column":19},"end":{"line":15,"column":57}},"6":{"start":{"line":16,"column":4},"end":{"line":16,"column":30}},"7":{"start":{"line":16,"column":24},"end":{"line":16,"column":30}},"8":{"start":{"line":18,"column":22},"end":{"line":18,"column":48}},"9":{"start":{"line":19,"column":4},"end":{"line":19,"column":63}},"10":{"start":{"line":23,"column":4},"end":{"line":27,"column":5}},"11":{"start":{"line":24,"column":8},"end":{"line":24,"column":32}},"12":{"start":{"line":26,"column":8},"end":{"line":26,"column":14}},"13":{"start":{"line":30,"column":0},"end":{"line":32,"column":1}}},"fnMap":{"0":{"name":"parse","decl":{"start":{"line":10,"column":9},"end":{"line":10,"column":14}},"loc":{"start":{"line":10,"column":22},"end":{"line":20,"column":1}},"line":10},"1":{"name":"parseJSON","decl":{"start":{"line":22,"column":9},"end":{"line":22,"column":18}},"loc":{"start":{"line":22,"column":26},"end":{"line":28,"column":1}},"line":22}},"branchMap":{"0":{"loc":{"start":{"line":14,"column":4},"end":{"line":14,"column":30}},"type":"if","locations":[{"start":{"line":14,"column":4},"end":{"line":14,"column":30}},{"start":{},"end":{}}],"line":14},"1":{"loc":{"start":{"line":16,"column":4},"end":{"line":16,"column":30}},"type":"if","locations":[{"start":{"line":16,"column":4},"end":{"line":16,"column":30}},{"start":{},"end":{}}],"line":16}},"s":{"0":2,"1":2,"2":12,"3":12,"4":6,"5":6,"6":6,"7":3,"8":3,"9":3,"10":6,"11":6,"12":3,"13":2},"f":{"0":12,"1":6},"b":{"0":[6,6],"1":[3,3]},"_coverageSchema":"1a1c01bbd47fc00a2c39e90264f33305004495a9","hash":"2d22910627884fefd048381fbee435a03f0f8841"}
,"C:\\Users\\iZyoo_Platform_SB\\Documents\\javascript-advanced-tutorial\\database\\parse\\Select.js": {"path":"C:\\Users\\iZyoo_Platform_SB\\Documents\\javascript-advanced-tutorial\\database\\parse\\Select.js","statementMap":{"0":{"start":{"line":6,"column":24},"end":{"line":6,"column":62}},"1":{"start":{"line":8,"column":26},"end":{"line":8,"column":29}},"2":{"start":{"line":9,"column":21},"end":{"line":9,"column":84}},"3":{"start":{"line":13,"column":26},"end":{"line":13,"column":51}},"4":{"start":{"line":15,"column":4},"end":{"line":15,"column":30}},"5":{"start":{"line":15,"column":24},"end":{"line":15,"column":30}},"6":{"start":{"line":16,"column":19},"end":{"line":16,"column":46}},"7":{"start":{"line":17,"column":22},"end":{"line":17,"column":48}},"8":{"start":{"line":18,"column":4},"end":{"line":18,"column":33}},"9":{"start":{"line":18,"column":27},"end":{"line":18,"column":33}},"10":{"start":{"line":20,"column":19},"end":{"line":20,"column":86}},"11":{"start":{"line":20,"column":72},"end":{"line":20,"column":85}},"12":{"start":{"line":22,"column":4},"end":{"line":22,"column":34}},"13":{"start":{"line":22,"column":28},"end":{"line":22,"column":34}},"14":{"start":{"line":23,"column":26},"end":{"line":23,"column":111}},"15":{"start":{"line":25,"column":4},"end":{"line":25,"column":24}},"16":{"start":{"line":28,"column":0},"end":{"line":30,"column":1}}},"fnMap":{"0":{"name":"parse","decl":{"start":{"line":11,"column":9},"end":{"line":11,"column":14}},"loc":{"start":{"line":11,"column":22},"end":{"line":26,"column":1}},"line":11},"1":{"name":"(anonymous_1)","decl":{"start":{"line":20,"column":62},"end":{"line":20,"column":63}},"loc":{"start":{"line":20,"column":72},"end":{"line":20,"column":85}},"line":20}},"branchMap":{"0":{"loc":{"start":{"line":15,"column":4},"end":{"line":15,"column":30}},"type":"if","locations":[{"start":{"line":15,"column":4},"end":{"line":15,"column":30}},{"start":{},"end":{}}],"line":15},"1":{"loc":{"start":{"line":18,"column":4},"end":{"line":18,"column":33}},"type":"if","locations":[{"start":{"line":18,"column":4},"end":{"line":18,"column":33}},{"start":{},"end":{}}],"line":18},"2":{"loc":{"start":{"line":22,"column":4},"end":{"line":22,"column":34}},"type":"if","locations":[{"start":{"line":22,"column":4},"end":{"line":22,"column":34}},{"start":{},"end":{}}],"line":22}},"s":{"0":3,"1":3,"2":3,"3":8,"4":8,"5":6,"6":2,"7":2,"8":2,"9":0,"10":2,"11":3,"12":2,"13":0,"14":2,"15":2,"16":3},"f":{"0":8,"1":3},"b":{"0":[6,2],"1":[0,2],"2":[0,2]},"_coverageSchema":"1a1c01bbd47fc00a2c39e90264f33305004495a9","hash":"90b11d7793c75f3d75e3c350b916d986ecdb4b60"}
,"C:\\Users\\iZyoo_Platform_SB\\Documents\\javascript-advanced-tutorial\\database\\parse\\Update.js": {"path":"C:\\Users\\iZyoo_Platform_SB\\Documents\\javascript-advanced-tutorial\\database\\parse\\Update.js","statementMap":{"0":{"start":{"line":1,"column":22},"end":{"line":1,"column":58}},"1":{"start":{"line":2,"column":22},"end":{"line":2,"column":60}},"2":{"start":{"line":4,"column":23},"end":{"line":4,"column":31}},"3":{"start":{"line":5,"column":21},"end":{"line":5,"column":100}},"4":{"start":{"line":8,"column":26},"end":{"line":8,"column":51}},"5":{"start":{"line":10,"column":4},"end":{"line":10,"column":37}},"6":{"start":{"line":10,"column":31},"end":{"line":10,"column":37}},"7":{"start":{"line":12,"column":20},"end":{"line":12,"column":63}},"8":{"start":{"line":13,"column":22},"end":{"line":13,"column":52}},"9":{"start":{"line":14,"column":4},"end":{"line":14,"column":31}},"10":{"start":{"line":14,"column":25},"end":{"line":14,"column":31}},"11":{"start":{"line":16,"column":4},"end":{"line":16,"column":50}},"12":{"start":{"line":21,"column":0},"end":{"line":21,"column":24}}},"fnMap":{"0":{"name":"parse","decl":{"start":{"line":7,"column":9},"end":{"line":7,"column":14}},"loc":{"start":{"line":7,"column":22},"end":{"line":19,"column":1}},"line":7}},"branchMap":{"0":{"loc":{"start":{"line":10,"column":4},"end":{"line":10,"column":37}},"type":"if","locations":[{"start":{"line":10,"column":4},"end":{"line":10,"column":37}},{"start":{},"end":{}}],"line":10},"1":{"loc":{"start":{"line":14,"column":4},"end":{"line":14,"column":31}},"type":"if","locations":[{"start":{"line":14,"column":4},"end":{"line":14,"column":31}},{"start":{},"end":{}}],"line":14}},"s":{"0":2,"1":2,"2":2,"3":2,"4":11,"5":11,"6":9,"7":2,"8":2,"9":2,"10":0,"11":2,"12":2},"f":{"0":11},"b":{"0":[9,2],"1":[0,2]},"_coverageSchema":"1a1c01bbd47fc00a2c39e90264f33305004495a9","hash":"990cd03c332f7eaaa5bfb15d43ba390a64a12fd9"}
,"C:\\Users\\iZyoo_Platform_SB\\Documents\\javascript-advanced-tutorial\\database\\parse\\Where.js": {"path":"C:\\Users\\iZyoo_Platform_SB\\Documents\\javascript-advanced-tutorial\\database\\parse\\Where.js","statementMap":{"0":{"start":{"line":1,"column":15},"end":{"line":1,"column":37}},"1":{"start":{"line":2,"column":22},"end":{"line":2,"column":58}},"2":{"start":{"line":3,"column":23},"end":{"line":3,"column":60}},"3":{"start":{"line":4,"column":26},"end":{"line":4,"column":66}},"4":{"start":{"line":6,"column":14},"end":{"line":6,"column":57}},"5":{"start":{"line":10,"column":29},"end":{"line":10,"column":47}},"6":{"start":{"line":11,"column":8},"end":{"line":11,"column":33}},"7":{"start":{"line":11,"column":27},"end":{"line":11,"column":33}},"8":{"start":{"line":13,"column":29},"end":{"line":13,"column":73}},"9":{"start":{"line":15,"column":8},"end":{"line":15,"column":74}},"10":{"start":{"line":15,"column":39},"end":{"line":15,"column":74}},"11":{"start":{"line":18,"column":8},"end":{"line":18,"column":45}},"12":{"start":{"line":21,"column":0},"end":{"line":23,"column":1}}},"fnMap":{"0":{"name":"parse","decl":{"start":{"line":9,"column":9},"end":{"line":9,"column":14}},"loc":{"start":{"line":9,"column":22},"end":{"line":19,"column":5}},"line":9}},"branchMap":{"0":{"loc":{"start":{"line":11,"column":8},"end":{"line":11,"column":33}},"type":"if","locations":[{"start":{"line":11,"column":8},"end":{"line":11,"column":33}},{"start":{},"end":{}}],"line":11},"1":{"loc":{"start":{"line":15,"column":8},"end":{"line":15,"column":74}},"type":"if","locations":[{"start":{"line":15,"column":8},"end":{"line":15,"column":74}},{"start":{},"end":{}}],"line":15}},"s":{"0":2,"1":2,"2":2,"3":2,"4":2,"5":4,"6":4,"7":2,"8":2,"9":2,"10":1,"11":1,"12":2},"f":{"0":4},"b":{"0":[2,2],"1":[1,1]},"_coverageSchema":"1a1c01bbd47fc00a2c39e90264f33305004495a9","hash":"ec430a23fdad09a6352bc2bf083ba70a10902830"}
,"C:\\Users\\iZyoo_Platform_SB\\Documents\\javascript-advanced-tutorial\\database\\utils\\safeParseJSON.js": {"path":"C:\\Users\\iZyoo_Platform_SB\\Documents\\javascript-advanced-tutorial\\database\\utils\\safeParseJSON.js","statementMap":{"0":{"start":{"line":1,"column":0},"end":{"line":7,"column":1}},"1":{"start":{"line":2,"column":4},"end":{"line":6,"column":5}},"2":{"start":{"line":3,"column":8},"end":{"line":3,"column":31}},"3":{"start":{"line":5,"column":8},"end":{"line":5,"column":14}}},"fnMap":{"0":{"name":"safeParseJSON","decl":{"start":{"line":1,"column":27},"end":{"line":1,"column":40}},"loc":{"start":{"line":1,"column":47},"end":{"line":7,"column":1}},"line":1}},"branchMap":{},"s":{"0":4,"1":4,"2":4,"3":1},"f":{"0":4},"b":{},"_coverageSchema":"1a1c01bbd47fc00a2c39e90264f33305004495a9","hash":"ce0c32d8d423ddc18dfe1967d2cd83b371a51056"}
}
