TN:
SF:Table.js
FN:6,(anonymous_0)
FN:10,(anonymous_1)
FN:14,(anonymous_2)
FN:17,(anonymous_3)
FN:19,(anonymous_4)
FN:25,(anonymous_5)
FN:32,(anonymous_6)
FN:33,(anonymous_7)
FN:34,(anonymous_8)
FN:41,(anonymous_9)
FN:42,(anonymous_10)
FN:43,(anonymous_11)
FNF:12
FNH:12
FNDA:18,(anonymous_0)
FNDA:10,(anonymous_1)
FNDA:2,(anonymous_2)
FNDA:2,(anonymous_3)
FNDA:2,(anonymous_4)
FNDA:2,(anonymous_5)
FNDA:4,(anonymous_6)
FNDA:4,(anonymous_7)
FNDA:4,(anonymous_8)
FNDA:6,(anonymous_9)
FNDA:6,(anonymous_10)
FNDA:6,(anonymous_11)
DA:1,8
DA:2,8
DA:3,8
DA:7,18
DA:11,10
DA:15,2
DA:16,2
DA:17,2
DA:18,2
DA:20,2
DA:21,2
DA:23,0
DA:26,2
DA:27,2
DA:33,4
DA:34,4
DA:35,4
DA:36,1
DA:42,6
DA:43,6
DA:44,6
DA:45,6
DA:51,8
LF:23
LH:22
BRDA:20,0,0,2
BRDA:20,0,1,0
BRDA:35,1,0,3
BRDA:35,1,1,1
BRDA:44,2,0,0
BRDA:44,2,1,6
BRF:6
BRH:4
end_of_record
TN:
SF:parseCommand.js
FN:11,parseCommand
FN:16,(anonymous_1)
FN:16,(anonymous_2)
FNF:3
FNH:3
FNDA:6,parseCommand
FNDA:24,(anonymous_1)
FNDA:21,(anonymous_2)
DA:1,1
DA:2,1
DA:3,1
DA:4,1
DA:5,1
DA:6,1
DA:7,1
DA:9,1
DA:16,24
DA:17,6
DA:19,1
DA:21,1
DA:23,1
DA:26,1
LF:14
LH:14
BRDA:17,0,0,5
BRDA:17,0,1,1
BRDA:21,1,0,0
BRDA:21,1,1,1
BRDA:21,2,0,1
BRDA:21,2,1,0
BRF:6
BRH:4
end_of_record
TN:
SF:command\DeleteCommand.js
FN:4,(anonymous_0)
FN:8,(anonymous_1)
FN:13,(anonymous_2)
FNF:3
FNH:3
FNDA:2,(anonymous_0)
FNDA:2,(anonymous_1)
FNDA:6,(anonymous_2)
DA:1,3
DA:5,2
DA:9,2
DA:10,2
DA:11,2
DA:12,2
DA:13,2
DA:14,6
DA:17,2
DA:18,2
DA:22,3
LF:11
LH:11
BRDA:11,0,0,1
BRDA:11,0,1,1
BRF:2
BRH:2
end_of_record
TN:
SF:command\InsertCommand.js
FN:4,(anonymous_0)
FN:9,(anonymous_1)
FNF:2
FNH:2
FNDA:4,(anonymous_0)
FNDA:2,(anonymous_1)
DA:1,3
DA:5,4
DA:6,4
DA:10,2
DA:14,3
LF:5
LH:5
BRF:0
BRH:0
end_of_record
TN:
SF:command\SelectCommand.js
FN:5,(anonymous_0)
FN:11,(anonymous_1)
FN:17,(anonymous_2)
FNF:3
FNH:3
FNDA:5,(anonymous_0)
FNDA:3,(anonymous_1)
FNDA:4,(anonymous_2)
DA:1,4
DA:2,4
DA:6,5
DA:7,5
DA:8,5
DA:12,3
DA:13,3
DA:15,3
DA:17,2
DA:18,4
DA:25,4
LF:11
LH:11
BRDA:13,0,0,1
BRDA:13,0,1,2
BRDA:15,1,0,1
BRDA:15,1,1,2
BRF:4
BRH:4
end_of_record
TN:
SF:command\UpdateCommand.js
FN:4,(anonymous_0)
FN:9,(anonymous_1)
FN:14,(anonymous_2)
FNF:3
FNH:3
FNDA:3,(anonymous_0)
FNDA:2,(anonymous_1)
FNDA:6,(anonymous_2)
DA:1,3
DA:3,3
DA:5,3
DA:6,3
DA:10,2
DA:11,2
DA:12,2
DA:13,2
DA:14,2
DA:15,6
DA:16,4
DA:17,4
DA:18,4
DA:22,2
DA:23,2
LF:15
LH:15
BRDA:12,0,0,1
BRDA:12,0,1,1
BRDA:15,1,0,4
BRDA:15,1,1,2
BRF:4
BRH:4
end_of_record
TN:
SF:command\whereCommand.js
FN:4,(anonymous_0)
FN:8,(anonymous_1)
FN:10,(anonymous_2)
FNF:3
FNH:3
FNDA:3,(anonymous_0)
FNDA:2,(anonymous_1)
FNDA:6,(anonymous_2)
DA:1,3
DA:5,3
DA:9,2
DA:10,2
DA:11,6
DA:16,3
LF:6
LH:6
BRDA:9,0,0,0
BRDA:9,0,1,2
BRF:2
BRH:1
end_of_record
TN:
SF:error\InvalidCommandError.js
FN:2,(anonymous_0)
FNF:1
FNH:1
FNDA:10,(anonymous_0)
DA:3,10
DA:5,10
DA:9,1
LF:3
LH:3
BRF:0
BRH:0
end_of_record
TN:
SF:error\InvalidWhereError.js
FN:2,(anonymous_0)
FNF:1
FNH:1
FNDA:2,(anonymous_0)
DA:1,2
DA:3,2
DA:4,2
LF:3
LH:3
BRF:0
BRH:0
end_of_record
TN:
SF:error\TableDoesNotExistError.js
FN:2,(anonymous_0)
FNF:1
FNH:1
FNDA:3,(anonymous_0)
DA:3,3
DA:5,3
DA:9,8
LF:3
LH:3
BRF:0
BRH:0
end_of_record
TN:
SF:parse\Delete.js
FN:6,parse
FNF:1
FNH:1
FNDA:10,parse
DA:1,2
DA:2,2
DA:4,2
DA:7,10
DA:9,10
DA:11,1
DA:13,1
DA:18,2
LF:8
LH:8
BRDA:9,0,0,9
BRDA:9,0,1,1
BRF:2
BRH:2
end_of_record
TN:
SF:parse\Insert.js
FN:10,parse
FN:22,parseJSON
FNF:2
FNH:2
FNDA:12,parse
FNDA:6,parseJSON
DA:6,2
DA:8,2
DA:12,12
DA:14,12
DA:15,6
DA:16,6
DA:18,3
DA:19,3
DA:23,6
DA:24,6
DA:26,3
DA:30,2
LF:12
LH:12
BRDA:14,0,0,6
BRDA:14,0,1,6
BRDA:16,1,0,3
BRDA:16,1,1,3
BRF:4
BRH:4
end_of_record
TN:
SF:parse\Select.js
FN:11,parse
FN:20,(anonymous_1)
FNF:2
FNH:2
FNDA:8,parse
FNDA:3,(anonymous_1)
DA:6,3
DA:8,3
DA:9,3
DA:13,8
DA:15,8
DA:16,2
DA:17,2
DA:18,2
DA:20,3
DA:22,2
DA:23,2
DA:25,2
DA:28,3
LF:13
LH:13
BRDA:15,0,0,6
BRDA:15,0,1,2
BRDA:18,1,0,0
BRDA:18,1,1,2
BRDA:22,2,0,0
BRDA:22,2,1,2
BRF:6
BRH:4
end_of_record
TN:
SF:parse\Update.js
FN:7,parse
FNF:1
FNH:1
FNDA:11,parse
DA:1,2
DA:2,2
DA:4,2
DA:5,2
DA:8,11
DA:10,11
DA:12,2
DA:13,2
DA:14,2
DA:16,2
DA:21,2
LF:11
LH:11
BRDA:10,0,0,9
BRDA:10,0,1,2
BRDA:14,1,0,0
BRDA:14,1,1,2
BRF:4
BRH:3
end_of_record
TN:
SF:parse\Where.js
FN:9,parse
FNF:1
FNH:1
FNDA:4,parse
DA:1,2
DA:2,2
DA:3,2
DA:4,2
DA:6,2
DA:10,4
DA:11,4
DA:13,2
DA:15,2
DA:18,1
DA:21,2
LF:11
LH:11
BRDA:11,0,0,2
BRDA:11,0,1,2
BRDA:15,1,0,1
BRDA:15,1,1,1
BRF:4
BRH:4
end_of_record
TN:
SF:utils\safeParseJSON.js
FN:1,safeParseJSON
FNF:1
FNH:1
FNDA:4,safeParseJSON
DA:1,4
DA:2,4
DA:3,4
DA:5,1
LF:4
LH:4
BRF:0
BRH:0
end_of_record
