<?xml version="1.0" encoding="UTF-8"?>
<coverage generated="1713515437977" clover="3.2.0">
  <project timestamp="1713515437977" name="All files">
    <metrics statements="38" coveredstatements="38" conditionals="20" coveredconditionals="19" methods="23" coveredmethods="23" elements="81" coveredelements="80" complexity="0" loc="38" ncloc="38" packages="1" files="1" classes="1"/>
    <file name="minesweeper.js" path="C:\Users\iZyoo_Platform_SB\Documents\javascript-advanced-tutorial\minesweeper\minesweeper.js">
      <metrics statements="38" coveredstatements="38" conditionals="20" coveredconditionals="19" methods="23" coveredmethods="23"/>
      <line num="3" count="1" type="stmt"/>
      <line num="10" count="1" type="stmt"/>
      <line num="13" count="1" type="stmt"/>
      <line num="14" count="3" type="stmt"/>
      <line num="15" count="9" type="stmt"/>
      <line num="19" count="9" type="cond" truecount="2" falsecount="0"/>
      <line num="28" count="2" type="stmt"/>
      <line num="29" count="5" type="stmt"/>
      <line num="30" count="13" type="cond" truecount="4" falsecount="0"/>
      <line num="31" count="2" type="stmt"/>
      <line num="33" count="11" type="stmt"/>
      <line num="39" count="10" type="stmt"/>
      <line num="40" count="30" type="stmt"/>
      <line num="41" count="90" type="cond" truecount="4" falsecount="0"/>
      <line num="42" count="10" type="stmt"/>
      <line num="44" count="80" type="stmt"/>
      <line num="50" count="30" type="stmt"/>
      <line num="51" count="30" type="cond" truecount="2" falsecount="0"/>
      <line num="53" count="10" type="cond" truecount="2" falsecount="0"/>
      <line num="54" count="1" type="stmt"/>
      <line num="61" count="9" type="stmt"/>
      <line num="62" count="51" type="stmt"/>
      <line num="63" count="9" type="stmt"/>
      <line num="68" count="9" type="cond" truecount="2" falsecount="0"/>
      <line num="69" count="5" type="stmt"/>
      <line num="70" count="24" type="stmt"/>
      <line num="73" count="4" type="stmt"/>
      <line num="77" count="2" type="stmt"/>
      <line num="78" count="4" type="stmt"/>
      <line num="79" count="10" type="stmt"/>
      <line num="90" count="2" type="stmt"/>
      <line num="91" count="6" type="stmt"/>
      <line num="92" count="18" type="stmt"/>
      <line num="98" count="9" type="stmt"/>
      <line num="100" count="9" type="stmt"/>
      <line num="102" count="27" type="stmt"/>
      <line num="103" count="81" type="stmt"/>
      <line num="106" count="81" type="stmt"/>
    </file>
  </project>
</coverage>
