{"C:\\Users\\iZyoo_Platform_SB\\Documents\\javascript-advanced-tutorial\\minesweeper\\minesweeper.js": {"path":"C:\\Users\\iZyoo_Platform_SB\\Documents\\javascript-advanced-tutorial\\minesweeper\\minesweeper.js","statementMap":{"0":{"start":{"line":3,"column":29},"end":{"line":8,"column":1}},"1":{"start":{"line":10,"column":14},"end":{"line":10,"column":48}},"2":{"start":{"line":13,"column":2},"end":{"line":24,"column":16}},"3":{"start":{"line":14,"column":4},"end":{"line":23,"column":18}},"4":{"start":{"line":15,"column":6},"end":{"line":22,"column":7}},"5":{"start":{"line":19,"column":22},"end":{"line":19,"column":54}},"6":{"start":{"line":28,"column":2},"end":{"line":35,"column":4}},"7":{"start":{"line":29,"column":4},"end":{"line":34,"column":6}},"8":{"start":{"line":30,"column":6},"end":{"line":32,"column":7}},"9":{"start":{"line":31,"column":8},"end":{"line":31,"column":22}},"10":{"start":{"line":33,"column":6},"end":{"line":33,"column":17}},"11":{"start":{"line":39,"column":2},"end":{"line":46,"column":4}},"12":{"start":{"line":40,"column":4},"end":{"line":45,"column":6}},"13":{"start":{"line":41,"column":6},"end":{"line":43,"column":7}},"14":{"start":{"line":42,"column":8},"end":{"line":42,"column":22}},"15":{"start":{"line":44,"column":6},"end":{"line":44,"column":17}},"16":{"start":{"line":50,"column":15},"end":{"line":50,"column":26}},"17":{"start":{"line":51,"column":2},"end":{"line":51,"column":56}},"18":{"start":{"line":51,"column":44},"end":{"line":51,"column":56}},"19":{"start":{"line":53,"column":2},"end":{"line":59,"column":3}},"20":{"start":{"line":54,"column":4},"end":{"line":58,"column":5}},"21":{"start":{"line":61,"column":24},"end":{"line":61,"column":48}},"22":{"start":{"line":62,"column":16},"end":{"line":62,"column":59}},"23":{"start":{"line":62,"column":44},"end":{"line":62,"column":58}},"24":{"start":{"line":63,"column":19},"end":{"line":67,"column":3}},"25":{"start":{"line":68,"column":2},"end":{"line":72,"column":3}},"26":{"start":{"line":69,"column":4},"end":{"line":71,"column":16}},"27":{"start":{"line":70,"column":6},"end":{"line":70,"column":29}},"28":{"start":{"line":73,"column":2},"end":{"line":73,"column":17}},"29":{"start":{"line":77,"column":2},"end":{"line":86,"column":4}},"30":{"start":{"line":78,"column":4},"end":{"line":85,"column":6}},"31":{"start":{"line":79,"column":6},"end":{"line":84,"column":7}},"32":{"start":{"line":90,"column":2},"end":{"line":94,"column":4}},"33":{"start":{"line":91,"column":4},"end":{"line":93,"column":6}},"34":{"start":{"line":92,"column":6},"end":{"line":92,"column":47}},"35":{"start":{"line":98,"column":18},"end":{"line":98,"column":30}},"36":{"start":{"line":100,"column":2},"end":{"line":106,"column":35}},"37":{"start":{"line":102,"column":6},"end":{"line":104,"column":8}},"38":{"start":{"line":103,"column":8},"end":{"line":103,"column":48}},"39":{"start":{"line":106,"column":22},"end":{"line":106,"column":34}}},"fnMap":{"0":{"name":"createBoard","decl":{"start":{"line":12,"column":16},"end":{"line":12,"column":27}},"loc":{"start":{"line":12,"column":54},"end":{"line":25,"column":1}},"line":12},"1":{"name":"(anonymous_1)","decl":{"start":{"line":13,"column":15},"end":{"line":13,"column":16}},"loc":{"start":{"line":13,"column":22},"end":{"line":24,"column":3}},"line":13},"2":{"name":"(anonymous_2)","decl":{"start":{"line":14,"column":17},"end":{"line":14,"column":18}},"loc":{"start":{"line":14,"column":24},"end":{"line":23,"column":5}},"line":14},"3":{"name":"(anonymous_3)","decl":{"start":{"line":19,"column":10},"end":{"line":19,"column":11}},"loc":{"start":{"line":19,"column":22},"end":{"line":19,"column":54}},"line":19},"4":{"name":"markTile","decl":{"start":{"line":27,"column":16},"end":{"line":27,"column":24}},"loc":{"start":{"line":27,"column":51},"end":{"line":36,"column":1}},"line":27},"5":{"name":"(anonymous_5)","decl":{"start":{"line":28,"column":19},"end":{"line":28,"column":20}},"loc":{"start":{"line":28,"column":28},"end":{"line":35,"column":3}},"line":28},"6":{"name":"(anonymous_6)","decl":{"start":{"line":29,"column":19},"end":{"line":29,"column":20}},"loc":{"start":{"line":29,"column":29},"end":{"line":34,"column":5}},"line":29},"7":{"name":"replaceTiles","decl":{"start":{"line":38,"column":9},"end":{"line":38,"column":21}},"loc":{"start":{"line":38,"column":48},"end":{"line":47,"column":1}},"line":38},"8":{"name":"(anonymous_8)","decl":{"start":{"line":39,"column":19},"end":{"line":39,"column":20}},"loc":{"start":{"line":39,"column":28},"end":{"line":46,"column":3}},"line":39},"9":{"name":"(anonymous_9)","decl":{"start":{"line":40,"column":19},"end":{"line":40,"column":20}},"loc":{"start":{"line":40,"column":29},"end":{"line":45,"column":5}},"line":40},"10":{"name":"revealTile","decl":{"start":{"line":49,"column":16},"end":{"line":49,"column":26}},"loc":{"start":{"line":49,"column":44},"end":{"line":74,"column":1}},"line":49},"11":{"name":"(anonymous_11)","decl":{"start":{"line":62,"column":37},"end":{"line":62,"column":38}},"loc":{"start":{"line":62,"column":44},"end":{"line":62,"column":58}},"line":62},"12":{"name":"(anonymous_12)","decl":{"start":{"line":69,"column":32},"end":{"line":69,"column":33}},"loc":{"start":{"line":69,"column":42},"end":{"line":71,"column":5}},"line":69},"13":{"name":"checkWin","decl":{"start":{"line":76,"column":16},"end":{"line":76,"column":24}},"loc":{"start":{"line":76,"column":32},"end":{"line":87,"column":1}},"line":76},"14":{"name":"(anonymous_14)","decl":{"start":{"line":77,"column":21},"end":{"line":77,"column":22}},"loc":{"start":{"line":77,"column":30},"end":{"line":86,"column":3}},"line":77},"15":{"name":"(anonymous_15)","decl":{"start":{"line":78,"column":21},"end":{"line":78,"column":22}},"loc":{"start":{"line":78,"column":31},"end":{"line":85,"column":5}},"line":78},"16":{"name":"checkLost","decl":{"start":{"line":89,"column":16},"end":{"line":89,"column":25}},"loc":{"start":{"line":89,"column":33},"end":{"line":95,"column":1}},"line":89},"17":{"name":"(anonymous_17)","decl":{"start":{"line":90,"column":20},"end":{"line":90,"column":21}},"loc":{"start":{"line":90,"column":29},"end":{"line":94,"column":3}},"line":90},"18":{"name":"(anonymous_18)","decl":{"start":{"line":91,"column":20},"end":{"line":91,"column":21}},"loc":{"start":{"line":91,"column":30},"end":{"line":93,"column":5}},"line":91},"19":{"name":"nearbyTiles","decl":{"start":{"line":97,"column":9},"end":{"line":97,"column":20}},"loc":{"start":{"line":97,"column":38},"end":{"line":107,"column":1}},"line":97},"20":{"name":"(anonymous_20)","decl":{"start":{"line":101,"column":13},"end":{"line":101,"column":14}},"loc":{"start":{"line":101,"column":26},"end":{"line":105,"column":5}},"line":101},"21":{"name":"(anonymous_21)","decl":{"start":{"line":102,"column":25},"end":{"line":102,"column":26}},"loc":{"start":{"line":102,"column":38},"end":{"line":104,"column":7}},"line":102},"22":{"name":"(anonymous_22)","decl":{"start":{"line":106,"column":12},"end":{"line":106,"column":13}},"loc":{"start":{"line":106,"column":22},"end":{"line":106,"column":34}},"line":106}},"branchMap":{"0":{"loc":{"start":{"line":19,"column":22},"end":{"line":19,"column":54}},"type":"binary-expr","locations":[{"start":{"line":19,"column":22},"end":{"line":19,"column":36}},{"start":{"line":19,"column":40},"end":{"line":19,"column":54}}],"line":19},"1":{"loc":{"start":{"line":30,"column":6},"end":{"line":32,"column":7}},"type":"if","locations":[{"start":{"line":30,"column":6},"end":{"line":32,"column":7}},{"start":{},"end":{}}],"line":30},"2":{"loc":{"start":{"line":30,"column":10},"end":{"line":30,"column":58}},"type":"binary-expr","locations":[{"start":{"line":30,"column":10},"end":{"line":30,"column":32}},{"start":{"line":30,"column":36},"end":{"line":30,"column":58}}],"line":30},"3":{"loc":{"start":{"line":41,"column":6},"end":{"line":43,"column":7}},"type":"if","locations":[{"start":{"line":41,"column":6},"end":{"line":43,"column":7}},{"start":{},"end":{}}],"line":41},"4":{"loc":{"start":{"line":41,"column":10},"end":{"line":41,"column":36}},"type":"binary-expr","locations":[{"start":{"line":41,"column":10},"end":{"line":41,"column":21}},{"start":{"line":41,"column":25},"end":{"line":41,"column":36}}],"line":41},"5":{"loc":{"start":{"line":51,"column":2},"end":{"line":51,"column":56}},"type":"if","locations":[{"start":{"line":51,"column":2},"end":{"line":51,"column":56}},{"start":{},"end":{}}],"line":51},"6":{"loc":{"start":{"line":53,"column":2},"end":{"line":59,"column":3}},"type":"if","locations":[{"start":{"line":53,"column":2},"end":{"line":59,"column":3}},{"start":{},"end":{}}],"line":53},"7":{"loc":{"start":{"line":68,"column":2},"end":{"line":72,"column":3}},"type":"if","locations":[{"start":{"line":68,"column":2},"end":{"line":72,"column":3}},{"start":{},"end":{}}],"line":68},"8":{"loc":{"start":{"line":80,"column":8},"end":{"line":83,"column":50}},"type":"binary-expr","locations":[{"start":{"line":80,"column":8},"end":{"line":80,"column":44}},{"start":{"line":81,"column":9},"end":{"line":81,"column":26}},{"start":{"line":82,"column":11},"end":{"line":82,"column":47}},{"start":{"line":83,"column":12},"end":{"line":83,"column":48}}],"line":80}},"s":{"0":1,"1":1,"2":1,"3":3,"4":9,"5":9,"6":2,"7":5,"8":13,"9":2,"10":11,"11":10,"12":30,"13":90,"14":10,"15":80,"16":30,"17":30,"18":20,"19":10,"20":1,"21":9,"22":9,"23":51,"24":9,"25":9,"26":5,"27":24,"28":4,"29":2,"30":4,"31":10,"32":2,"33":6,"34":18,"35":9,"36":9,"37":27,"38":81,"39":81},"f":{"0":1,"1":3,"2":9,"3":9,"4":2,"5":5,"6":13,"7":10,"8":30,"9":90,"10":30,"11":51,"12":24,"13":2,"14":4,"15":10,"16":2,"17":6,"18":18,"19":9,"20":27,"21":81,"22":81},"b":{"0":[9,3],"1":[2,11],"2":[13,5],"3":[10,80],"4":[90,30],"5":[20,10],"6":[1,9],"7":[5,4],"8":[10,2,1,0]},"_coverageSchema":"1a1c01bbd47fc00a2c39e90264f33305004495a9","hash":"48481cc064c4f4d71e62ba9a5808a14dff65d5c8"}
}
