TN:
SF:minesweeper.js
FN:12,createBoard
FN:13,(anonymous_1)
FN:14,(anonymous_2)
FN:19,(anonymous_3)
FN:27,markTile
FN:28,(anonymous_5)
FN:29,(anonymous_6)
FN:38,replaceTiles
FN:39,(anonymous_8)
FN:40,(anonymous_9)
FN:49,revealTile
FN:62,(anonymous_11)
FN:69,(anonymous_12)
FN:76,checkWin
FN:77,(anonymous_14)
FN:78,(anonymous_15)
FN:89,checkLost
FN:90,(anonymous_17)
FN:91,(anonymous_18)
FN:97,nearbyTiles
FN:101,(anonymous_20)
FN:102,(anonymous_21)
FN:106,(anonymous_22)
FNF:23
FNH:23
FNDA:1,createBoard
FNDA:3,(anonymous_1)
FNDA:9,(anonymous_2)
FNDA:9,(anonymous_3)
FNDA:2,markTile
FNDA:5,(anonymous_5)
FNDA:13,(anonymous_6)
FNDA:10,replaceTiles
FNDA:30,(anonymous_8)
FNDA:90,(anonymous_9)
FNDA:30,revealTile
FNDA:51,(anonymous_11)
FNDA:24,(anonymous_12)
FNDA:2,checkWin
FNDA:4,(anonymous_14)
FNDA:10,(anonymous_15)
FNDA:2,checkLost
FNDA:6,(anonymous_17)
FNDA:18,(anonymous_18)
FNDA:9,nearbyTiles
FNDA:27,(anonymous_20)
FNDA:81,(anonymous_21)
FNDA:81,(anonymous_22)
DA:3,1
DA:10,1
DA:13,1
DA:14,3
DA:15,9
DA:19,9
DA:28,2
DA:29,5
DA:30,13
DA:31,2
DA:33,11
DA:39,10
DA:40,30
DA:41,90
DA:42,10
DA:44,80
DA:50,30
DA:51,30
DA:53,10
DA:54,1
DA:61,9
DA:62,51
DA:63,9
DA:68,9
DA:69,5
DA:70,24
DA:73,4
DA:77,2
DA:78,4
DA:79,10
DA:90,2
DA:91,6
DA:92,18
DA:98,9
DA:100,9
DA:102,27
DA:103,81
DA:106,81
LF:38
LH:38
BRDA:19,0,0,9
BRDA:19,0,1,3
BRDA:30,1,0,2
BRDA:30,1,1,11
BRDA:30,2,0,13
BRDA:30,2,1,5
BRDA:41,3,0,10
BRDA:41,3,1,80
BRDA:41,4,0,90
BRDA:41,4,1,30
BRDA:51,5,0,20
BRDA:51,5,1,10
BRDA:53,6,0,1
BRDA:53,6,1,9
BRDA:68,7,0,5
BRDA:68,7,1,4
BRDA:80,8,0,10
BRDA:80,8,1,2
BRDA:80,8,2,1
BRDA:80,8,3,0
BRF:20
BRH:19
end_of_record
